{
  "RSpec": {
    "coverage": {
      "/Users/rahulramakrishna/Desktop/Makers Academy/Projects/Course/Final-project/Brim_final/app/helpers/application_helper.rb": [
        1,
        null
      ],
      "/Users/rahulramakrishna/Desktop/Makers Academy/Projects/Course/Final-project/Brim_final/spec/models/search_spec.rb": [
        1,
        null,
        2,
        2,
        null,
        null
      ],
      "/Users/rahulramakrishna/Desktop/Makers Academy/Projects/Course/Final-project/Brim_final/app/models/search.rb": [
        1,
        null,
        1,
        1,
        null,
        null
      ],
      "/Users/rahulramakrishna/Desktop/Makers Academy/Projects/Course/Final-project/Brim_final/app/models/application_record.rb": [
        1,
        1,
        null
      ],
      "/Users/rahulramakrishna/Desktop/Makers Academy/Projects/Course/Final-project/Brim_final/spec/models/tag_spec.rb": [
        1,
        null,
        2,
        null,
        null
      ],
      "/Users/rahulramakrishna/Desktop/Makers Academy/Projects/Course/Final-project/Brim_final/app/models/tag.rb": [
        1,
        null,
        1,
        null,
        null,
        null
      ],
      "/Users/rahulramakrishna/Desktop/Makers Academy/Projects/Course/Final-project/Brim_final/spec/models/user_spec.rb": [
        1,
        1,
        null,
        2,
        null,
        1,
        4,
        null,
        null,
        1,
        1,
        1,
        1,
        1,
        1,
        1,
        4,
        4,
        null,
        null,
        null,
        null
      ]
    },
    "timestamp": 1466628006
  }
}
